<?xml version="1.0" encoding="UTF-8"?>
<testsuite name="com.AdheliaPutriMaylaniJBusBR.AdheliaPutriMaylaniJBusBrApplicationTests" tests="1" skipped="0" failures="0" errors="0" timestamp="2023-12-10T07:05:46" hostname="Puros-MacBook.local" time="0.652">
  <properties/>
  <testcase name="contextLoads()" classname="com.AdheliaPutriMaylaniJBusBR.AdheliaPutriMaylaniJBusBrApplicationTests" time="0.652"/>
  <system-out><![CDATA[14:05:42.701 [Test worker] DEBUG org.springframework.test.context.BootstrapUtils - Instantiating CacheAwareContextLoaderDelegate from class [org.springframework.test.context.cache.DefaultCacheAwareContextLoaderDelegate]
14:05:42.719 [Test worker] DEBUG org.springframework.test.context.BootstrapUtils - Instantiating BootstrapContext using constructor [public org.springframework.test.context.support.DefaultBootstrapContext(java.lang.Class,org.springframework.test.context.CacheAwareContextLoaderDelegate)]
14:05:42.775 [Test worker] DEBUG org.springframework.test.context.BootstrapUtils - Instantiating TestContextBootstrapper for test class [com.AdheliaPutriMaylaniJBusBR.AdheliaPutriMaylaniJBusBrApplicationTests] from class [org.springframework.boot.test.context.SpringBootTestContextBootstrapper]
14:05:42.811 [Test worker] INFO org.springframework.boot.test.context.SpringBootTestContextBootstrapper - Neither @ContextConfiguration nor @ContextHierarchy found for test class [com.AdheliaPutriMaylaniJBusBR.AdheliaPutriMaylaniJBusBrApplicationTests], using SpringBootContextLoader
14:05:42.816 [Test worker] DEBUG org.springframework.test.context.support.AbstractContextLoader - Did not detect default resource location for test class [com.AdheliaPutriMaylaniJBusBR.AdheliaPutriMaylaniJBusBrApplicationTests]: class path resource [com/AdheliaPutriMaylaniJBusBR/AdheliaPutriMaylaniJBusBrApplicationTests-context.xml] does not exist
14:05:42.817 [Test worker] DEBUG org.springframework.test.context.support.AbstractContextLoader - Did not detect default resource location for test class [com.AdheliaPutriMaylaniJBusBR.AdheliaPutriMaylaniJBusBrApplicationTests]: class path resource [com/AdheliaPutriMaylaniJBusBR/AdheliaPutriMaylaniJBusBrApplicationTestsContext.groovy] does not exist
14:05:42.817 [Test worker] INFO org.springframework.test.context.support.AbstractContextLoader - Could not detect default resource locations for test class [com.AdheliaPutriMaylaniJBusBR.AdheliaPutriMaylaniJBusBrApplicationTests]: no resource found for suffixes {-context.xml, Context.groovy}.
14:05:42.819 [Test worker] INFO org.springframework.test.context.support.AnnotationConfigContextLoaderUtils - Could not detect default configuration classes for test class [com.AdheliaPutriMaylaniJBusBR.AdheliaPutriMaylaniJBusBrApplicationTests]: AdheliaPutriMaylaniJBusBrApplicationTests does not declare any static, non-private, non-final, nested classes annotated with @Configuration.
14:05:42.899 [Test worker] DEBUG org.springframework.test.context.support.ActiveProfilesUtils - Could not find an 'annotation declaring class' for annotation type [org.springframework.test.context.ActiveProfiles] and class [com.AdheliaPutriMaylaniJBusBR.AdheliaPutriMaylaniJBusBrApplicationTests]
14:05:42.996 [Test worker] DEBUG org.springframework.context.annotation.ClassPathScanningCandidateComponentProvider - Identified candidate component class: file [/Users/adhelia/Desktop/CS/JBus/build/classes/java/main/com/AdheliaPutriMaylaniJBusBR/JBus.class]
14:05:43.000 [Test worker] INFO org.springframework.boot.test.context.SpringBootTestContextBootstrapper - Found @SpringBootConfiguration com.AdheliaPutriMaylaniJBusBR.JBus for test class com.AdheliaPutriMaylaniJBusBR.AdheliaPutriMaylaniJBusBrApplicationTests
14:05:43.159 [Test worker] DEBUG org.springframework.boot.test.context.SpringBootTestContextBootstrapper - @TestExecutionListeners is not present for class [com.AdheliaPutriMaylaniJBusBR.AdheliaPutriMaylaniJBusBrApplicationTests]: using defaults.
14:05:43.160 [Test worker] INFO org.springframework.boot.test.context.SpringBootTestContextBootstrapper - Loaded default TestExecutionListener class names from location [META-INF/spring.factories]: [org.springframework.boot.test.autoconfigure.restdocs.RestDocsTestExecutionListener, org.springframework.boot.test.autoconfigure.web.client.MockRestServiceServerResetTestExecutionListener, org.springframework.boot.test.autoconfigure.web.servlet.MockMvcPrintOnlyOnFailureTestExecutionListener, org.springframework.boot.test.autoconfigure.web.servlet.WebDriverTestExecutionListener, org.springframework.boot.test.autoconfigure.webservices.client.MockWebServiceServerTestExecutionListener, org.springframework.boot.test.mock.mockito.MockitoTestExecutionListener, org.springframework.boot.test.mock.mockito.ResetMocksTestExecutionListener, org.springframework.test.context.web.ServletTestExecutionListener, org.springframework.test.context.support.DirtiesContextBeforeModesTestExecutionListener, org.springframework.test.context.event.ApplicationEventsTestExecutionListener, org.springframework.test.context.support.DependencyInjectionTestExecutionListener, org.springframework.test.context.support.DirtiesContextTestExecutionListener, org.springframework.test.context.transaction.TransactionalTestExecutionListener, org.springframework.test.context.jdbc.SqlScriptsTestExecutionListener, org.springframework.test.context.event.EventPublishingTestExecutionListener]
14:05:43.186 [Test worker] DEBUG org.springframework.boot.test.context.SpringBootTestContextBootstrapper - Skipping candidate TestExecutionListener [org.springframework.test.context.transaction.TransactionalTestExecutionListener] due to a missing dependency. Specify custom listener classes or make the default listener classes and their required dependencies available. Offending class: [org/springframework/transaction/TransactionDefinition]
14:05:43.187 [Test worker] DEBUG org.springframework.boot.test.context.SpringBootTestContextBootstrapper - Skipping candidate TestExecutionListener [org.springframework.test.context.jdbc.SqlScriptsTestExecutionListener] due to a missing dependency. Specify custom listener classes or make the default listener classes and their required dependencies available. Offending class: [org/springframework/transaction/interceptor/TransactionAttribute]
14:05:43.189 [Test worker] INFO org.springframework.boot.test.context.SpringBootTestContextBootstrapper - Using TestExecutionListeners: [org.springframework.test.context.web.ServletTestExecutionListener@4fbdc0f0, org.springframework.test.context.support.DirtiesContextBeforeModesTestExecutionListener@2ad3a1bb, org.springframework.test.context.event.ApplicationEventsTestExecutionListener@6bc28a83, org.springframework.boot.test.mock.mockito.MockitoTestExecutionListener@324c64cd, org.springframework.boot.test.autoconfigure.SpringBootDependencyInjectionTestExecutionListener@13579834, org.springframework.test.context.support.DirtiesContextTestExecutionListener@24be2d9c, org.springframework.test.context.event.EventPublishingTestExecutionListener@5bd73d1a, org.springframework.boot.test.autoconfigure.restdocs.RestDocsTestExecutionListener@aec50a1, org.springframework.boot.test.autoconfigure.web.client.MockRestServiceServerResetTestExecutionListener@2555fff0, org.springframework.boot.test.autoconfigure.web.servlet.MockMvcPrintOnlyOnFailureTestExecutionListener@70d2e40b, org.springframework.boot.test.autoconfigure.web.servlet.WebDriverTestExecutionListener@120f38e6, org.springframework.boot.test.autoconfigure.webservices.client.MockWebServiceServerTestExecutionListener@7a0e1b5e, org.springframework.boot.test.mock.mockito.ResetMocksTestExecutionListener@702ed190]
14:05:43.205 [Test worker] DEBUG org.springframework.test.context.support.AbstractDirtiesContextTestExecutionListener - Before test class: context [DefaultTestContext@69adf72c testClass = AdheliaPutriMaylaniJBusBrApplicationTests, testInstance = [null], testMethod = [null], testException = [null], mergedContextConfiguration = [WebMergedContextConfiguration@797501a testClass = AdheliaPutriMaylaniJBusBrApplicationTests, locations = '{}', classes = '{class com.AdheliaPutriMaylaniJBusBR.JBus}', contextInitializerClasses = '[]', activeProfiles = '{}', propertySourceLocations = '{}', propertySourceProperties = '{org.springframework.boot.test.context.SpringBootTestContextBootstrapper=true}', contextCustomizers = set[org.springframework.boot.test.autoconfigure.actuate.metrics.MetricsExportContextCustomizerFactory$DisableMetricExportContextCustomizer@57ac5227, org.springframework.boot.test.autoconfigure.properties.PropertyMappingContextCustomizer@0, org.springframework.boot.test.autoconfigure.web.servlet.WebDriverContextCustomizerFactory$Customizer@a4ca3f6, org.springframework.boot.test.context.filter.ExcludeFilterContextCustomizer@b6b1987, org.springframework.boot.test.json.DuplicateJsonObjectContextCustomizerFactory$DuplicateJsonObjectContextCustomizer@7c541c15, org.springframework.boot.test.mock.mockito.MockitoContextCustomizer@0, org.springframework.boot.test.web.client.TestRestTemplateContextCustomizer@3e10dc6, org.springframework.boot.test.context.SpringBootTestArgs@1, org.springframework.boot.test.context.SpringBootTestWebEnvironment@3e78b6a5], resourceBasePath = 'src/main/webapp', contextLoader = 'org.springframework.boot.test.context.SpringBootContextLoader', parent = [null]], attributes = map['org.springframework.test.context.web.ServletTestExecutionListener.activateListener' -> true]], class annotated with @DirtiesContext [false] with mode [null].

  .   ____          _            __ _ _
 /\\ / ___'_ __ _ _(_)_ __  __ _ \ \ \ \
( ( )\___ | '_ | '_| | '_ \/ _` | \ \ \ \
 \\/  ___)| |_)| | | | | || (_| |  ) ) ) )
  '  |____| .__|_| |_|_| |_\__, | / / / /
 =========|_|==============|___/=/_/_/_/
 :: Spring Boot ::               (v2.7.17)

2023-12-10 14:05:44.032  INFO 45767 --- [    Test worker] dheliaPutriMaylaniJBusBrApplicationTests : Starting AdheliaPutriMaylaniJBusBrApplicationTests using Java 11.0.20.1 on Puros-MacBook.local with PID 45767 (started by adhelia in /Users/adhelia/Desktop/CS/JBus)
2023-12-10 14:05:44.034  INFO 45767 --- [    Test worker] dheliaPutriMaylaniJBusBrApplicationTests : No active profile set, falling back to 1 default profile: "default"
2023-12-10 14:05:46.800  INFO 45767 --- [    Test worker] dheliaPutriMaylaniJBusBrApplicationTests : Started AdheliaPutriMaylaniJBusBrApplicationTests in 3.524 seconds (JVM running for 5.56)
]]></system-out>
  <system-err><![CDATA[]]></system-err>
</testsuite>
