<?xml version="1.0" encoding="UTF-8"?>
<testsuite name="com.AdheliaPutriMaylaniJBusBR.AdheliaPutriMaylaniJBusBrApplicationTests" tests="1" skipped="0" failures="0" errors="0" timestamp="2023-11-23T09:24:10" hostname="Puros-MacBook.local" time="0.628">
  <properties/>
  <testcase name="contextLoads()" classname="com.AdheliaPutriMaylaniJBusBR.AdheliaPutriMaylaniJBusBrApplicationTests" time="0.628"/>
  <system-out><![CDATA[16:24:07.021 [Test worker] DEBUG org.springframework.test.context.BootstrapUtils - Instantiating CacheAwareContextLoaderDelegate from class [org.springframework.test.context.cache.DefaultCacheAwareContextLoaderDelegate]
16:24:07.046 [Test worker] DEBUG org.springframework.test.context.BootstrapUtils - Instantiating BootstrapContext using constructor [public org.springframework.test.context.support.DefaultBootstrapContext(java.lang.Class,org.springframework.test.context.CacheAwareContextLoaderDelegate)]
16:24:07.122 [Test worker] DEBUG org.springframework.test.context.BootstrapUtils - Instantiating TestContextBootstrapper for test class [com.AdheliaPutriMaylaniJBusBR.AdheliaPutriMaylaniJBusBrApplicationTests] from class [org.springframework.boot.test.context.SpringBootTestContextBootstrapper]
16:24:07.142 [Test worker] INFO org.springframework.boot.test.context.SpringBootTestContextBootstrapper - Neither @ContextConfiguration nor @ContextHierarchy found for test class [com.AdheliaPutriMaylaniJBusBR.AdheliaPutriMaylaniJBusBrApplicationTests], using SpringBootContextLoader
16:24:07.148 [Test worker] DEBUG org.springframework.test.context.support.AbstractContextLoader - Did not detect default resource location for test class [com.AdheliaPutriMaylaniJBusBR.AdheliaPutriMaylaniJBusBrApplicationTests]: class path resource [com/AdheliaPutriMaylaniJBusBR/AdheliaPutriMaylaniJBusBrApplicationTests-context.xml] does not exist
16:24:07.149 [Test worker] DEBUG org.springframework.test.context.support.AbstractContextLoader - Did not detect default resource location for test class [com.AdheliaPutriMaylaniJBusBR.AdheliaPutriMaylaniJBusBrApplicationTests]: class path resource [com/AdheliaPutriMaylaniJBusBR/AdheliaPutriMaylaniJBusBrApplicationTestsContext.groovy] does not exist
16:24:07.149 [Test worker] INFO org.springframework.test.context.support.AbstractContextLoader - Could not detect default resource locations for test class [com.AdheliaPutriMaylaniJBusBR.AdheliaPutriMaylaniJBusBrApplicationTests]: no resource found for suffixes {-context.xml, Context.groovy}.
16:24:07.151 [Test worker] INFO org.springframework.test.context.support.AnnotationConfigContextLoaderUtils - Could not detect default configuration classes for test class [com.AdheliaPutriMaylaniJBusBR.AdheliaPutriMaylaniJBusBrApplicationTests]: AdheliaPutriMaylaniJBusBrApplicationTests does not declare any static, non-private, non-final, nested classes annotated with @Configuration.
16:24:07.220 [Test worker] DEBUG org.springframework.test.context.support.ActiveProfilesUtils - Could not find an 'annotation declaring class' for annotation type [org.springframework.test.context.ActiveProfiles] and class [com.AdheliaPutriMaylaniJBusBR.AdheliaPutriMaylaniJBusBrApplicationTests]
16:24:07.298 [Test worker] DEBUG org.springframework.context.annotation.ClassPathScanningCandidateComponentProvider - Identified candidate component class: file [/Users/adhelia/Desktop/CS/JBus/build/classes/java/main/com/AdheliaPutriMaylaniJBusBR/JBus.class]
16:24:07.301 [Test worker] INFO org.springframework.boot.test.context.SpringBootTestContextBootstrapper - Found @SpringBootConfiguration com.AdheliaPutriMaylaniJBusBR.JBus for test class com.AdheliaPutriMaylaniJBusBR.AdheliaPutriMaylaniJBusBrApplicationTests
16:24:07.442 [Test worker] DEBUG org.springframework.boot.test.context.SpringBootTestContextBootstrapper - @TestExecutionListeners is not present for class [com.AdheliaPutriMaylaniJBusBR.AdheliaPutriMaylaniJBusBrApplicationTests]: using defaults.
16:24:07.442 [Test worker] INFO org.springframework.boot.test.context.SpringBootTestContextBootstrapper - Loaded default TestExecutionListener class names from location [META-INF/spring.factories]: [org.springframework.boot.test.autoconfigure.restdocs.RestDocsTestExecutionListener, org.springframework.boot.test.autoconfigure.web.client.MockRestServiceServerResetTestExecutionListener, org.springframework.boot.test.autoconfigure.web.servlet.MockMvcPrintOnlyOnFailureTestExecutionListener, org.springframework.boot.test.autoconfigure.web.servlet.WebDriverTestExecutionListener, org.springframework.boot.test.autoconfigure.webservices.client.MockWebServiceServerTestExecutionListener, org.springframework.boot.test.mock.mockito.MockitoTestExecutionListener, org.springframework.boot.test.mock.mockito.ResetMocksTestExecutionListener, org.springframework.test.context.web.ServletTestExecutionListener, org.springframework.test.context.support.DirtiesContextBeforeModesTestExecutionListener, org.springframework.test.context.event.ApplicationEventsTestExecutionListener, org.springframework.test.context.support.DependencyInjectionTestExecutionListener, org.springframework.test.context.support.DirtiesContextTestExecutionListener, org.springframework.test.context.transaction.TransactionalTestExecutionListener, org.springframework.test.context.jdbc.SqlScriptsTestExecutionListener, org.springframework.test.context.event.EventPublishingTestExecutionListener]
16:24:07.468 [Test worker] DEBUG org.springframework.boot.test.context.SpringBootTestContextBootstrapper - Skipping candidate TestExecutionListener [org.springframework.test.context.transaction.TransactionalTestExecutionListener] due to a missing dependency. Specify custom listener classes or make the default listener classes and their required dependencies available. Offending class: [org/springframework/transaction/TransactionDefinition]
16:24:07.470 [Test worker] DEBUG org.springframework.boot.test.context.SpringBootTestContextBootstrapper - Skipping candidate TestExecutionListener [org.springframework.test.context.jdbc.SqlScriptsTestExecutionListener] due to a missing dependency. Specify custom listener classes or make the default listener classes and their required dependencies available. Offending class: [org/springframework/transaction/interceptor/TransactionAttribute]
16:24:07.470 [Test worker] INFO org.springframework.boot.test.context.SpringBootTestContextBootstrapper - Using TestExecutionListeners: [org.springframework.test.context.web.ServletTestExecutionListener@41200e0c, org.springframework.test.context.support.DirtiesContextBeforeModesTestExecutionListener@40f33492, org.springframework.test.context.event.ApplicationEventsTestExecutionListener@4fbdc0f0, org.springframework.boot.test.mock.mockito.MockitoTestExecutionListener@2ad3a1bb, org.springframework.boot.test.autoconfigure.SpringBootDependencyInjectionTestExecutionListener@6bc28a83, org.springframework.test.context.support.DirtiesContextTestExecutionListener@324c64cd, org.springframework.test.context.event.EventPublishingTestExecutionListener@13579834, org.springframework.boot.test.autoconfigure.restdocs.RestDocsTestExecutionListener@24be2d9c, org.springframework.boot.test.autoconfigure.web.client.MockRestServiceServerResetTestExecutionListener@5bd73d1a, org.springframework.boot.test.autoconfigure.web.servlet.MockMvcPrintOnlyOnFailureTestExecutionListener@aec50a1, org.springframework.boot.test.autoconfigure.web.servlet.WebDriverTestExecutionListener@2555fff0, org.springframework.boot.test.autoconfigure.webservices.client.MockWebServiceServerTestExecutionListener@70d2e40b, org.springframework.boot.test.mock.mockito.ResetMocksTestExecutionListener@120f38e6]
16:24:07.476 [Test worker] DEBUG org.springframework.test.context.support.AbstractDirtiesContextTestExecutionListener - Before test class: context [DefaultTestContext@649f2009 testClass = AdheliaPutriMaylaniJBusBrApplicationTests, testInstance = [null], testMethod = [null], testException = [null], mergedContextConfiguration = [WebMergedContextConfiguration@14bb2297 testClass = AdheliaPutriMaylaniJBusBrApplicationTests, locations = '{}', classes = '{class com.AdheliaPutriMaylaniJBusBR.JBus}', contextInitializerClasses = '[]', activeProfiles = '{}', propertySourceLocations = '{}', propertySourceProperties = '{org.springframework.boot.test.context.SpringBootTestContextBootstrapper=true}', contextCustomizers = set[org.springframework.boot.test.autoconfigure.actuate.metrics.MetricsExportContextCustomizerFactory$DisableMetricExportContextCustomizer@33aeca0b, org.springframework.boot.test.autoconfigure.properties.PropertyMappingContextCustomizer@0, org.springframework.boot.test.autoconfigure.web.servlet.WebDriverContextCustomizerFactory$Customizer@774698ab, org.springframework.boot.test.context.filter.ExcludeFilterContextCustomizer@45905bff, org.springframework.boot.test.json.DuplicateJsonObjectContextCustomizerFactory$DuplicateJsonObjectContextCustomizer@66b7550d, org.springframework.boot.test.mock.mockito.MockitoContextCustomizer@0, org.springframework.boot.test.web.client.TestRestTemplateContextCustomizer@77a98a6a, org.springframework.boot.test.context.SpringBootTestArgs@1, org.springframework.boot.test.context.SpringBootTestWebEnvironment@7068e664], resourceBasePath = 'src/main/webapp', contextLoader = 'org.springframework.boot.test.context.SpringBootContextLoader', parent = [null]], attributes = map['org.springframework.test.context.web.ServletTestExecutionListener.activateListener' -> true]], class annotated with @DirtiesContext [false] with mode [null].

  .   ____          _            __ _ _
 /\\ / ___'_ __ _ _(_)_ __  __ _ \ \ \ \
( ( )\___ | '_ | '_| | '_ \/ _` | \ \ \ \
 \\/  ___)| |_)| | | | | || (_| |  ) ) ) )
  '  |____| .__|_| |_|_| |_\__, | / / / /
 =========|_|==============|___/=/_/_/_/
 :: Spring Boot ::               (v2.7.17)

2023-11-23 16:24:08.064  INFO 30999 --- [    Test worker] dheliaPutriMaylaniJBusBrApplicationTests : Starting AdheliaPutriMaylaniJBusBrApplicationTests using Java 11.0.20.1 on Puros-MacBook.local with PID 30999 (started by adhelia in /Users/adhelia/Desktop/CS/JBus)
2023-11-23 16:24:08.066  INFO 30999 --- [    Test worker] dheliaPutriMaylaniJBusBrApplicationTests : No active profile set, falling back to 1 default profile: "default"
2023-11-23 16:24:10.142  INFO 30999 --- [    Test worker] dheliaPutriMaylaniJBusBrApplicationTests : Started AdheliaPutriMaylaniJBusBrApplicationTests in 2.585 seconds (JVM running for 4.399)
]]></system-out>
  <system-err><![CDATA[]]></system-err>
</testsuite>
